c:\aaakepler452b-dellg3\amyprojects\c++语法基础课\c++语法基础课\x64\debug\vc143.pdb
c:\aaakepler452b-dellg3\amyprojects\c++语法基础课\c++语法基础课\x64\debug\vc143.idb
c:\aaakepler452b-dellg3\amyprojects\c++语法基础课\c++语法基础课\x64\debug\helloworld.obj
c:\aaakepler452b-dellg3\amyprojects\c++语法基础课\c++语法基础课\x64\debug\654时间转换.obj
c:\aaakepler452b-dellg3\amyprojects\c++语法基础课\c++语法基础课\x64\debug\635钞票.obj
c:\aaakepler452b-dellg3\amyprojects\c++语法基础课\c++语法基础课\x64\debug\1a+b.obj
c:\aaakepler452b-dellg3\amyprojects\c++语法基础课\c++语法基础课\x64\debug\615油耗.obj
c:\aaakepler452b-dellg3\amyprojects\c++语法基础课\c++语法基础课\x64\debug\609工资.obj
c:\aaakepler452b-dellg3\amyprojects\c++语法基础课\c++语法基础课\x64\debug\608差.obj
c:\aaakepler452b-dellg3\amyprojects\c++语法基础课\c++语法基础课\x64\debug\606平均数1.obj
c:\aaakepler452b-dellg3\amyprojects\c++语法基础课\c++语法基础课\x64\debug\604圆的面积.obj
c:\aaakepler452b-dellg3\amyprojects\c++语法基础课\c++语法基础课\x64\debug\616两点间的距离.obj
c:\aaakepler452b-dellg3\amyprojects\c++语法基础课\c++语法基础课\x64\debug\610工资和奖金.obj
c:\aaakepler452b-dellg3\amyprojects\c++语法基础课\c++语法基础课\x64\debug\605简单乘积.obj
c:\aaakepler452b-dellg3\amyprojects\c++语法基础课\c++语法基础课\x64\debug\611简单计算.obj
c:\aaakepler452b-dellg3\amyprojects\c++语法基础课\c++语法基础课\x64\debug\612球的体积.obj
c:\aaakepler452b-dellg3\amyprojects\c++语法基础课\c++语法基础课\x64\debug\c++语法基础课.ilk
c:\aaakepler452b-dellg3\amyprojects\c++语法基础课\c++语法基础课\x64\debug\c++语法基础课.exe
c:\aaakepler452b-dellg3\amyprojects\c++语法基础课\c++语法基础课\x64\debug\c++语法基础课.pdb
c:\aaakepler452b-dellg3\amyprojects\c++语法基础课\c++语法基础课\x64\debug\c++语法基础课.tlog\cl.command.1.tlog
c:\aaakepler452b-dellg3\amyprojects\c++语法基础课\c++语法基础课\x64\debug\c++语法基础课.tlog\cl.items.tlog
c:\aaakepler452b-dellg3\amyprojects\c++语法基础课\c++语法基础课\x64\debug\c++语法基础课.tlog\cl.read.1.tlog
c:\aaakepler452b-dellg3\amyprojects\c++语法基础课\c++语法基础课\x64\debug\c++语法基础课.tlog\cl.write.1.tlog
c:\aaakepler452b-dellg3\amyprojects\c++语法基础课\c++语法基础课\x64\debug\c++语法基础课.tlog\link.command.1.tlog
c:\aaakepler452b-dellg3\amyprojects\c++语法基础课\c++语法基础课\x64\debug\c++语法基础课.tlog\link.read.1.tlog
c:\aaakepler452b-dellg3\amyprojects\c++语法基础课\c++语法基础课\x64\debug\c++语法基础课.tlog\link.write.1.tlog
